http://www.alltrails.com/trail/us/new-york/breakneck-ridge-trail
http://www.alltrails.com/trail/us/new-york/bear-mountain-loop-trail
http://www.alltrails.com/trail/us/new-york/anthonys-nose-trail
http://www.alltrails.com/trail/us/new-york/mount-beacon
http://www.alltrails.com/trail/us/new-york/watkins-glen--2
http://www.alltrails.com/trail/us/new-york/cascade-trail
http://www.alltrails.com/trail/us/new-york/storm-king-state-park-trail
http://www.alltrails.com/trail/us/new-york/mount-marcy-from-adirondak-lodge
http://www.alltrails.com/trail/us/new-york/sleeping-beauty-mountain
http://www.alltrails.com/trail/us/new-york/kaaterskill-falls-trail
http://www.alltrails.com/trail/us/new-york/sams-point-and-verkeerderkill-falls
http://www.alltrails.com/trail/us/new-york/overlook-mountain-trail
http://www.alltrails.com/trail/us/new-york/hadley-mountain
http://www.alltrails.com/trail/us/new-york/thacher-park-and-indian-ladder-trail
http://www.alltrails.com/trail/us/new-york/plotter-kill-preserve
http://www.alltrails.com/trail/us/new-york/buck-mt
http://www.alltrails.com/trail/us/new-york/cornish-estate-trail
http://www.alltrails.com/trail/us/new-york/algonquin-peak-trail
http://www.alltrails.com/trail/us/new-york/buttermilk-falls-state-park
http://www.alltrails.com/trail/us/new-york/lucifer-and-lower-falls
http://www.alltrails.com/trail/us/new-york/giant-mountain-via-ridge-trail
http://www.alltrails.com/trail/us/new-york/lake-minnewaska
http://www.alltrails.com/trail/us/new-york/bonticou-crag-hike-mohonk-preserve
http://www.alltrails.com/trail/us/new-york/reeves-brook-loop-harriman-park
http://www.alltrails.com/trail/us/new-york/dunderberg-and-the-timp-trail
http://www.alltrails.com/trail/us/new-york/black-mountain-loop
http://www.alltrails.com/trail/us/new-york/crane-mountain-loop-hike
http://www.alltrails.com/trail/us/new-york/mount-taurus-trail
http://www.alltrails.com/trail/us/new-york/whiteface-mountain-summit-trail
http://www.alltrails.com/trail/us/new-york/taughannock-falls
http://www.alltrails.com/trail/us/new-york/yellow-blue-and-green-trails-loop
http://www.alltrails.com/trail/us/new-york/eternal-flame-falls----
http://www.alltrails.com/trail/us/new-york/popolopen-torne-loop
http://www.alltrails.com/trail/us/new-york/prospect-mountain-trail
http://www.alltrails.com/trail/us/new-york/bald-mountain-rondaxe-fire-tower
http://www.alltrails.com/trail/us/new-york/giant-ledge-and-panther-mountain-trail
http://www.alltrails.com/trail/us/new-york/lake-minniwaska-loop
http://www.alltrails.com/trail/us/new-york/mianus-river-gorge-wildlife-refuge-and-botanical-preserve
http://www.alltrails.com/trail/us/new-york/indian-head-mountain-loop
http://www.alltrails.com/trail/us/new-york/blue-mountain-trail
http://www.alltrails.com/trail/us/new-york/ampersand
http://www.alltrails.com/trail/us/new-york/slide-mountain-trail
http://www.alltrails.com/trail/us/new-york/west-mountain
http://www.alltrails.com/trail/us/new-york/christman-sanctuary
http://www.alltrails.com/trail/us/new-york/letchworth-state-park-gorge-trail
http://www.alltrails.com/trail/us/new-york/letchworth-trail
http://www.alltrails.com/trail/us/new-york/mt-jo-adk-loj
http://www.alltrails.com/trail/us/new-york/shelving-rock-falls
http://www.alltrails.com/trail/us/new-york/eagle-cliff-and-mohonk-lake-trail
http://www.alltrails.com/trail/us/new-york/peebles-island-perimeter-trail
http://www.alltrails.com/trail/us/new-york/manhattan-central-park
http://www.alltrails.com/trail/us/new-york/chittenango-falls
http://www.alltrails.com/trail/us/new-york/poke-o-moonshine-trail
http://www.alltrails.com/trail/us/new-york/chimney-mountain-trail
http://www.alltrails.com/trail/us/new-york/lisha-kill-preserve
http://www.alltrails.com/trail/us/new-york/sky-top-trail
http://www.alltrails.com/trail/us/new-york/big-slide-mountain-via-the-brothers
http://www.alltrails.com/trail/us/new-york/great-range-loop
http://www.alltrails.com/trail/us/new-york/huckleberry-point-trail
http://www.alltrails.com/trail/us/new-york/artist-s-rock-sunset-rock-and-newman-s-ledge-via-mary-s-glen-trail
http://www.alltrails.com/trail/us/new-york/hurricane-mountain-trail-northern-approach
http://www.alltrails.com/trail/us/new-york/kane-mountain-trail
http://www.alltrails.com/trail/us/new-york/snowy-mountain-trail
http://www.alltrails.com/trail/us/new-york/old-croton-aqueduct-trailway-yonkers-to-croton-dam-in-three-sections
http://www.alltrails.com/trail/us/new-york/niagara-glen-trails
http://www.alltrails.com/trail/us/new-york/st-regis-mountain-trail
http://www.alltrails.com/trail/us/new-york/ninham-mountain-mua
http://www.alltrails.com/trail/us/new-york/1777e-doodletown-bridle-path-loop-from-route-9w
http://www.alltrails.com/trail/us/new-york/black-rock-forest
http://www.alltrails.com/trail/us/new-york/rockefeller-preserve-trail
http://www.alltrails.com/trail/us/new-york/cat-and-thomas-mountain
http://www.alltrails.com/trail/us/new-york/twin-mountain-trail
http://www.alltrails.com/trail/us/new-york/avalanche-pass-trail
http://www.alltrails.com/trail/us/new-york/caumsett-mountain-bike-trail
http://www.alltrails.com/trail/us/new-york/bethpage-bikeway-trail
http://www.alltrails.com/trail/us/new-york/hunter-creek
http://www.alltrails.com/trail/us/new-york/fillmore-glen-falls-5-falls
http://www.alltrails.com/trail/us/new-york/devils-path
http://www.alltrails.com/trail/us/new-york/wittenberg-and-cornell-mountains-trail
http://www.alltrails.com/trail/us/new-york/black-bear-mt
http://www.alltrails.com/trail/us/new-york/goodnow-mountain-trail
http://www.alltrails.com/trail/us/new-york/the-labyrinth
http://www.alltrails.com/trail/us/new-york/tinkers-falls
http://www.alltrails.com/trail/us/new-york/rainbow-falls-trail
http://www.alltrails.com/trail/us/new-york/tongue-mountain-range-loop
http://www.alltrails.com/trail/us/new-york/appalachian-trail-bear-mountain-harriman-state-parks-west
http://www.alltrails.com/trail/us/new-york/sunken-meadow-state-park
http://www.alltrails.com/trail/us/new-york/hannacroix-creek-preserve
http://www.alltrails.com/trail/us/new-york/spruce-mountain-ft
http://www.alltrails.com/trail/us/new-york/huck-preserve-trail-system
http://www.alltrails.com/trail/us/new-york/lemon-squeezer
http://www.alltrails.com/trail/us/new-york/five-rivers-environmental-education-center
http://www.alltrails.com/trail/us/new-york/inspiration-point-and-boulder-rock-trail
http://www.alltrails.com/trail/us/new-york/corbetts-glen-2-falls
http://www.alltrails.com/trail/us/new-york/schunemunk-mountain-trail
http://www.alltrails.com/trail/us/new-york/stony-brook-via-east-rim-and-gorge-trails
http://www.alltrails.com/trail/us/new-york/millbrook-mountain
http://www.alltrails.com/trail/us/new-york/stillwell-woods-stroll
http://www.alltrails.com/trail/us/new-york/haystack-mountain-trail
http://www.alltrails.com/trail/us/new-york/harriman-state-park-lakes
http://www.alltrails.com/trail/us/new-york/baker-mountain
http://www.alltrails.com/trail/us/new-york/hunter-mountain-via-spruceton-horse-trail
http://www.alltrails.com/trail/us/new-york/barnes-creek-falls-3-falls
http://www.alltrails.com/trail/us/new-york/muttontown-mystery-trail
http://www.alltrails.com/trail/us/new-york/azure-mountain-trail
http://www.alltrails.com/trail/us/new-york/bay-trail
http://www.alltrails.com/trail/us/new-york/giant-mountain-and-rocky-peak-ridge-through-hike
http://www.alltrails.com/trail/us/new-york/ward-pound-ridge-reservation-trail
http://www.alltrails.com/trail/us/new-york/clinton-county-lyon-mountain
http://www.alltrails.com/trail/us/new-york/peekamoose-and-table-mountains-trail
http://www.alltrails.com/trail/us/new-york/pilot-knob-orange-trail
http://www.alltrails.com/trail/us/new-york/castle-rock
http://www.alltrails.com/trail/us/new-york/indian-kill-preserve
http://www.alltrails.com/trail/us/new-york/fire-tower
http://www.alltrails.com/trail/us/new-york/g-ridge
http://www.alltrails.com/trail/us/new-york/blydenburgh-county-park
http://www.alltrails.com/trail/us/new-york/rattlesnake-gulf-adam-eden-s-camp-trail
http://www.alltrails.com/trail/us/new-york/lower-and-upper-akron-falls---
http://www.alltrails.com/trail/us/new-york/good-luck-mountain-trail
http://www.alltrails.com/trail/us/new-york/sterling-lake-loop
http://www.alltrails.com/trail/us/new-york/green-lakes-ny
http://www.alltrails.com/trail/us/new-york/waterfalls-of-zoar-valley-12-falls
http://www.alltrails.com/trail/us/new-york/chimney-bluffs-state-park-trail
http://www.alltrails.com/trail/us/new-york/camp-smith-trail
http://www.alltrails.com/trail/us/new-york/carpenter-falls-3-falls
http://www.alltrails.com/trail/us/new-york/diamond-notch-falls
http://www.alltrails.com/trail/us/new-york/rocky-mountain-summit
http://www.alltrails.com/trail/us/new-york/blue-mountain-reservation
http://www.alltrails.com/trail/us/new-york/turkey-mountain-trail
http://www.alltrails.com/trail/us/new-york/ithaca-falls
http://www.alltrails.com/trail/us/new-york/mount-colden-via-avalanche-pass-trail
http://www.alltrails.com/trail/us/new-york/mckenzie-mountain-loop
http://www.alltrails.com/trail/us/new-york/heart-lake-to-wright-peak-algonquin-and-iroquois-peak
http://www.alltrails.com/trail/us/new-york/elk-pen-loop
http://www.alltrails.com/trail/us/new-york/pratts-falls
http://www.alltrails.com/trail/us/new-york/kaaterskill-high-peak-trail
http://www.alltrails.com/trail/us/new-york/the-hudson-highlands
http://www.alltrails.com/trail/us/new-york/massapequa-preserve
http://www.alltrails.com/trail/us/new-york/buttermilk-falls-trail
http://www.alltrails.com/trail/us/new-york/walt-whitman-revisited
http://www.alltrails.com/trail/us/new-york/nassau-suffolk-greenbelt-trail
http://www.alltrails.com/trail/us/new-york/cunningham-park-north-woods-mountain-bike-trails
http://www.alltrails.com/trail/us/new-york/saratoga-national-park-battlefield-trail
http://www.alltrails.com/trail/us/new-york/michael-ciaiola-conservation-area-trail
http://www.alltrails.com/trail/us/new-york/high-peters-kill-trail-hike
http://www.alltrails.com/trail/us/new-york/appalachian-trail-dutch-hollow-and-harriman-state-park
http://www.alltrails.com/trail/us/new-york/the-escarpment
http://www.alltrails.com/trail/us/new-york/plattekill-falls-platte-clove-preserve
http://www.alltrails.com/trail/us/new-york/owl-mountain
http://www.alltrails.com/trail/us/new-york/staten-island-greenbelt-trail
http://www.alltrails.com/trail/us/new-york/parish-glen-conklin-gully-12-falls
http://www.alltrails.com/trail/us/new-york/stone-valley-trail
http://www.alltrails.com/trail/us/new-york/avalon-preserve
http://www.alltrails.com/trail/us/new-york/pine-meadow-trail
http://www.alltrails.com/trail/us/new-york/wright-peak-ski-trail
http://www.alltrails.com/trail/us/new-york/pitchoff-mountain-ny-rt-73
http://www.alltrails.com/trail/us/new-york/vernooy-falls-trail
http://www.alltrails.com/trail/us/new-york/cayuga-trail
http://www.alltrails.com/trail/us/new-york/keuka-lake-outlet-trail
http://www.alltrails.com/trail/us/new-york/hudson-pointe-nature-preserve
http://www.alltrails.com/trail/us/new-york/cranberry-lake-preserve
http://www.alltrails.com/trail/us/new-york/phelps-trail
http://www.alltrails.com/trail/us/new-york/six-mile-creek-trail
http://www.alltrails.com/trail/us/new-york/arab-mountain-firetower
http://www.alltrails.com/trail/us/new-york/fishkill-ridge-trail
http://www.alltrails.com/trail/us/new-york/appalachian-trail-corbin-hill-and-pawling-nature-reserve
http://www.alltrails.com/trail/us/new-york/cobble-hill
http://www.alltrails.com/trail/us/new-york/silver-lake-mountain-trail
http://www.alltrails.com/trail/us/new-york/van-hoevenberg-trail
http://www.alltrails.com/trail/us/new-york/saxon-woods-park-trail
http://www.alltrails.com/trail/us/new-york/ferncliff-forest-preserve
http://www.alltrails.com/trail/us/new-york/brace-mountain-trail
http://www.alltrails.com/trail/us/new-york/blackhead-mountain-loop-trail
http://www.alltrails.com/trail/us/new-york/chestnut-ridge
http://www.alltrails.com/trail/us/new-york/grimes-glen-2-falls
http://www.alltrails.com/trail/us/new-york/lick-brook-falls-3-falls
http://www.alltrails.com/trail/us/new-york/silvermine-lake-to-black-mountain-trail
http://www.alltrails.com/trail/us/new-york/fifth-peak-trail
http://www.alltrails.com/trail/us/new-york/jones-beach-bikeway
http://www.alltrails.com/trail/us/new-york/westchester-wilderness-walk
http://www.alltrails.com/trail/us/new-york/peaked-mountain-trail
http://www.alltrails.com/trail/us/new-york/highland-forest
http://www.alltrails.com/trail/us/new-york/mohawk-hudson-bike-hike-trail
http://www.alltrails.com/trail/us/new-york/stump-pond-loop-trail
http://www.alltrails.com/trail/us/new-york/shawangunk-loop
http://www.alltrails.com/trail/us/new-york/panther-mnt-trail
http://www.alltrails.com/trail/us/new-york/beebe-hill
http://www.alltrails.com/trail/us/new-york/fahnestock-trail
http://www.alltrails.com/trail/us/new-york/cascadilla-falls-9-falls
http://www.alltrails.com/trail/us/new-york/mohonk-loop
http://www.alltrails.com/trail/us/new-york/linear-park-cascades
http://www.alltrails.com/trail/us/new-york/pharoah-mountain-trail
http://www.alltrails.com/trail/us/new-york/letchworth-state-park-east-of-genesee-river
http://www.alltrails.com/trail/us/new-york/gray-mountain-mt-skylight-mt-marcy
http://www.alltrails.com/trail/us/new-york/shindagin-hollow-state-forest-trails
http://www.alltrails.com/trail/us/new-york/sanders-preserve
http://www.alltrails.com/trail/us/new-york/sugarloaf-mountain
http://www.alltrails.com/trail/us/new-york/bear-den-dial-and-nippletop-via-leach-trail
http://www.alltrails.com/trail/us/new-york/rocky-point
http://www.alltrails.com/trail/us/new-york/pine-swamp-mine
http://www.alltrails.com/trail/us/new-york/onondaga-trail
http://www.alltrails.com/trail/us/new-york/devils-bathtub-trail
http://www.alltrails.com/trail/us/new-york/beaver-lake-nature-center
http://www.alltrails.com/trail/us/new-york/mount-marcy-from-upper-works-trail
http://www.alltrails.com/trail/us/new-york/mullet-falls-loop
http://www.alltrails.com/trail/us/new-york/awosting-and-castle-point-trail-loop
http://www.alltrails.com/trail/us/new-york/goat-island-scenic-walk
http://www.alltrails.com/trail/us/new-york/windham-high-peak-trail
http://www.alltrails.com/trail/us/new-york/albany-pine-bush
http://www.alltrails.com/trail/us/new-york/west-kill-mountain-to-buck-ridge-lookout
http://www.alltrails.com/trail/us/new-york/glen-falls----
http://www.alltrails.com/trail/us/new-york/mount-tremper-trail
http://www.alltrails.com/trail/us/new-york/abbott-loop-in-danby-state-forest-trails
http://www.alltrails.com/trail/us/new-york/black-creek-forest-trail
http://www.alltrails.com/trail/us/new-york/david-weld-sanctuary-tour
http://www.alltrails.com/trail/us/new-york/ashokan-high-point-trail
http://www.alltrails.com/trail/us/new-york/africa-loop
http://www.alltrails.com/trail/us/new-york/belmont-lake-state-park
http://www.alltrails.com/trail/us/new-york/the-falls-trail
http://www.alltrails.com/trail/us/new-york/poets-walk-romantic-landscape-park-trail
http://www.alltrails.com/trail/us/new-york/gleasmans-falls-trail
http://www.alltrails.com/trail/us/new-york/burroughs-range
http://www.alltrails.com/trail/us/new-york/dunderberg-spiral-railway
http://www.alltrails.com/trail/us/new-york/marcy-dam-trail
http://www.alltrails.com/trail/us/new-york/lampson-falls
http://www.alltrails.com/trail/us/new-york/noonmark-mountain
http://www.alltrails.com/trail/us/new-york/camillus-forest-unique-area-trails
http://www.alltrails.com/trail/us/new-york/vanderwhacker-mountain
http://www.alltrails.com/trail/us/new-york/macomb-south-dix-east-dix-hough-and-dix-via-elk-lake
http://www.alltrails.com/trail/us/new-york/appalachian-trail-ten-mile-river-to-bulls-bridge
http://www.alltrails.com/trail/us/new-york/roland-preserve
http://www.alltrails.com/trail/us/new-york/sprague-brook-park
http://www.alltrails.com/trail/us/new-york/allegany-state-park-red-house-lake-area
http://www.alltrails.com/trail/us/new-york/cohoes-falls
http://www.alltrails.com/trail/us/new-york/18-mile-creek-county-park
http://www.alltrails.com/trail/us/new-york/meadowlark
http://www.alltrails.com/trail/us/new-york/poets-ledge-trail
http://www.alltrails.com/trail/us/new-york/appalachian-trail-fahnestock-state-park
http://www.alltrails.com/trail/us/new-york/mountain-lakes-park-trail
http://www.alltrails.com/trail/us/new-york/cascades-of-attica-5-falls---
http://www.alltrails.com/trail/us/new-york/planting-fields-arboretum
http://www.alltrails.com/trail/us/new-york/cathedral-pines
http://www.alltrails.com/trail/us/new-york/mount-adams-trail
http://www.alltrails.com/trail/us/new-york/sands-point-preserve
http://www.alltrails.com/trail/us/new-york/owls-head
http://www.alltrails.com/trail/us/new-york/slide-mountain-loop
http://www.alltrails.com/trail/us/new-york/whetstone-gulf-trail
http://www.alltrails.com/trail/us/new-york/three-lakes-trail
http://www.alltrails.com/trail/us/new-york/shaupeneak-ridge-trail
http://www.alltrails.com/trail/us/new-york/conklin-gully-parish-glen-trails
http://www.alltrails.com/trail/us/new-york/dyken-pond
http://www.alltrails.com/trail/us/new-york/ok-slip-falls
http://www.alltrails.com/trail/us/new-york/taconic-crest-trail
http://www.alltrails.com/trail/us/new-york/table-top-mountain-via-van-hoevenberg-trail
http://www.alltrails.com/trail/us/new-york/overlook-mountain-hike
http://www.alltrails.com/trail/us/new-york/balsam-lake-mountain-trail
http://www.alltrails.com/trail/us/new-york/havanna-glen-falls
http://www.alltrails.com/trail/us/new-york/coney-mountain
http://www.alltrails.com/trail/us/new-york/tifft-nature-preserve
http://www.alltrails.com/trail/us/new-york/catamount-mountain
http://www.alltrails.com/trail/us/new-york/great-bend-black-river
http://www.alltrails.com/trail/us/new-york/scarface
http://www.alltrails.com/trail/us/new-york/durand-eastman-park
http://www.alltrails.com/trail/us/new-york/french-mountain
http://www.alltrails.com/trail/us/new-york/gore-mountain-via-schaefer-trail
http://www.alltrails.com/trail/us/new-york/berry-pond-trail
http://www.alltrails.com/trail/us/new-york/high-falls-loop
http://www.alltrails.com/trail/us/new-york/wolf-creek-falls-preserve
http://www.alltrails.com/trail/us/new-york/zoo-cascade-and-zoo-falls
http://www.alltrails.com/trail/us/new-york/baxter-mountain
http://www.alltrails.com/trail/us/new-york/butler-outer-loop-trail
http://www.alltrails.com/trail/us/new-york/tannery-creek-falls-6-falls
http://www.alltrails.com/trail/us/new-york/dix-trail
http://www.alltrails.com/trail/us/new-york/grafton-lakes-and-dunham-reservoir
http://www.alltrails.com/trail/us/new-york/heckscher-state-park-campground
http://www.alltrails.com/trail/us/new-york/wallkill-valley-rail-trail
http://www.alltrails.com/trail/us/new-york/kaaterskill-high-peak-via-long-path-trail
http://www.alltrails.com/trail/us/new-york/anthony-wayne-recreation-area-trail
http://www.alltrails.com/trail/us/new-york/van-lone-hill-loop-trail
http://www.alltrails.com/trail/us/new-york/mt-marcy--3
http://www.alltrails.com/trail/us/new-york/bennett-hill
http://www.alltrails.com/trail/us/new-york/reinstein-woods-nature-preserve-trail
http://www.alltrails.com/trail/us/new-york/tallman-mountain-hudson-river-overlook-trail
http://www.alltrails.com/trail/us/new-york/wilkinson-national-recreation-trail
http://www.alltrails.com/trail/us/new-york/turning-point-park
http://www.alltrails.com/trail/us/new-york/finger-lakes-trail
http://www.alltrails.com/trail/us/new-york/manorville-hills-trail
http://www.alltrails.com/trail/us/new-york/acra-point-via-black-dome-range-and-escarpment-trails
http://www.alltrails.com/trail/us/new-york/stiglmeier-park-trails
http://www.alltrails.com/trail/us/new-york/stissing-mountain-trail
http://www.alltrails.com/trail/us/new-york/excelsior-glen-falls-3-falls
http://www.alltrails.com/trail/us/new-york/murphy-lake-trail
http://www.alltrails.com/trail/us/new-york/normans-kill-preserve-west-trail
http://www.alltrails.com/trail/us/new-york/elephants-head
http://www.alltrails.com/trail/us/new-york/wakely-firetower
http://www.alltrails.com/trail/us/new-york/norrie-point-trail
http://www.alltrails.com/trail/us/new-york/mount-haystack
http://www.alltrails.com/trail/us/new-york/east-esker-trail
http://www.alltrails.com/trail/us/new-york/bald-mountain-to-teatown-lake-trail
http://www.alltrails.com/trail/us/new-york/west-branch-sacandaga-gorge
http://www.alltrails.com/trail/us/new-york/jay-mountain
http://www.alltrails.com/trail/us/new-york/west-hills-park
http://www.alltrails.com/trail/us/new-york/partridge-run
http://www.alltrails.com/trail/us/new-york/constitution-marsh
http://www.alltrails.com/trail/us/new-york/silver-lake-preserve-trail
http://www.alltrails.com/trail/us/new-york/gardiner-county-park-loop
http://www.alltrails.com/trail/us/new-york/royalton-falls----
http://www.alltrails.com/trail/us/new-york/mattison-hollow-trail
http://www.alltrails.com/trail/us/new-york/robert-g-wehle
http://www.alltrails.com/trail/us/new-york/street-and-nye-via-adk-loj
http://www.alltrails.com/trail/us/new-york/copperas-pond
http://www.alltrails.com/trail/us/new-york/castle-rock-and-sugarloaf-hill-trail
http://www.alltrails.com/trail/us/new-york/hempstead-lake-state-park
http://www.alltrails.com/trail/us/new-york/appalachian-trail-in-new-york-state
http://www.alltrails.com/trail/us/new-york/sterling-ridge-to-lake-trail-loop
http://www.alltrails.com/trail/us/new-york/northville-placid-trail
http://www.alltrails.com/trail/us/new-york/deer-lick-nature-sanctuary
http://www.alltrails.com/trail/us/new-york/mendon-ponds-park-quaker-pond-trail
http://www.alltrails.com/trail/us/new-york/mccoord-woods-section-crescent-trail
http://www.alltrails.com/trail/us/new-york/wellesley-island-state-park
http://www.alltrails.com/trail/us/new-york/baltimore-woods-trails
http://www.alltrails.com/trail/us/new-york/jones-beach-bike-path
http://www.alltrails.com/trail/us/new-york/upper-clark-gully-2-falls
http://www.alltrails.com/trail/us/new-york/black-river-watertown
http://www.alltrails.com/trail/us/new-york/harvey-mountain-trail
http://www.alltrails.com/trail/us/new-york/whiteface-mountain
http://www.alltrails.com/trail/us/new-york/east-setauket
http://www.alltrails.com/trail/us/new-york/blake-and-colvin
http://www.alltrails.com/trail/us/new-york/sawyer-mountain
http://www.alltrails.com/trail/us/new-york/vischer-ferry-preserve
http://www.alltrails.com/trail/us/new-york/tryon-park-trail
http://www.alltrails.com/trail/us/new-york/diamond-mountain-stony-brook-loop
http://www.alltrails.com/trail/us/new-york/alabama-swamps-trails
http://www.alltrails.com/trail/us/new-york/bear-caves-mt-seneca-trail
http://www.alltrails.com/trail/us/new-york/filmore-glen-rim-walk
http://www.alltrails.com/trail/us/new-york/bashakill
http://www.alltrails.com/trail/us/new-york/buckhorn-island-state-park
http://www.alltrails.com/trail/us/new-york/middle-settlement-lake-loop
http://www.alltrails.com/trail/us/new-york/hi-tor-wildlife-management-area-trails
http://www.alltrails.com/trail/us/new-york/clarence-fahnestock-memorial-state-park-campground
http://www.alltrails.com/trail/us/new-york/severence-mountain
http://www.alltrails.com/trail/us/new-york/edgewood-oak-brush-plains-preserve-trail
http://www.alltrails.com/trail/us/new-york/deer-leap-trail
http://www.alltrails.com/trail/us/new-york/erie-canalway-trail-pittsford-to-spencerport
http://www.alltrails.com/trail/us/new-york/uplands-farm-sanctuary-to-cold-spring-harbor
http://www.alltrails.com/trail/us/new-york/franny-reese-state-park
http://www.alltrails.com/trail/us/new-york/lake-tiorati-beach-trail
http://www.alltrails.com/trail/us/new-york/inman-gulf-hiking-and-nature-trails
http://www.alltrails.com/trail/us/new-york/olana
http://www.alltrails.com/trail/us/new-york/plateau-mountain-from-stony-clove-trail
http://www.alltrails.com/trail/us/new-york/loon-lake-mountain-fire-tower
http://www.alltrails.com/trail/us/new-york/spire-mountain
http://www.alltrails.com/trail/us/new-york/hardscrabble-wilderness-area-trail
http://www.alltrails.com/trail/us/new-york/undercliff-overcliff
http://www.alltrails.com/trail/us/new-york/upper-lower-wolfjaw
http://www.alltrails.com/trail/us/new-york/the-flume-fall
http://www.alltrails.com/trail/us/new-york/north-county-trailway
http://www.alltrails.com/trail/us/new-york/pillsbury-mountain
http://www.alltrails.com/trail/us/new-york/palenville-overlook-trail
http://www.alltrails.com/trail/us/new-york/tillman-road-wildlife-management-area-trail
http://www.alltrails.com/trail/us/new-york/moxham-mountain
http://www.alltrails.com/trail/us/new-york/westside-overland-trail
http://www.alltrails.com/trail/us/new-york/calcium-trails
http://www.alltrails.com/trail/us/new-york/old-rifle-range-trail
http://www.alltrails.com/trail/us/new-york/amherst-bike-path
http://www.alltrails.com/trail/us/new-york/cossayuna-lake-and-moreau-lake
http://www.alltrails.com/trail/us/new-york/prosser-pines-loop-trail
http://www.alltrails.com/trail/us/new-york/thunder-swamp-trail-backpacking
http://www.alltrails.com/trail/us/new-york/ganondagan-state-historic-site-dryer-road-park-trails
http://www.alltrails.com/trail/us/new-york/hudson-river-at-staatsburgh-mills-mansion-state-park
http://www.alltrails.com/trail/us/new-york/connetquot-river-state-park-preserve
http://www.alltrails.com/trail/us/new-york/northville-lake-placid-trail
http://www.alltrails.com/trail/us/new-york/moss-lake--2
http://www.alltrails.com/trail/us/new-york/almost-perpendicular
http://www.alltrails.com/trail/us/new-york/stid-hill-multiple-use-area-trails
http://www.alltrails.com/trail/us/new-york/macintyre-range-wright-algonquin-iroquois
http://www.alltrails.com/trail/us/new-york/thousand-acre-swamp-trail
http://www.alltrails.com/trail/us/new-york/esopus-creek-and-ashokan-reservoir
http://www.alltrails.com/trail/us/new-york/rooster-comb
http://www.alltrails.com/trail/us/new-york/cortland-county-virgil-mountain
http://www.alltrails.com/trail/us/new-york/forrest-park
http://www.alltrails.com/trail/us/new-york/black-creek-trail
http://www.alltrails.com/trail/us/new-york/goose-pond-mountain-trail
http://www.alltrails.com/trail/us/new-york/kennedy-dells-park
http://www.alltrails.com/trail/us/new-york/griffis-sculpture-park
http://www.alltrails.com/trail/us/new-york/fellows-falls
http://www.alltrails.com/trail/us/new-york/bethpage-bikeway-trail-from-massapequa-park
http://www.alltrails.com/trail/us/new-york/waverly-glen
http://www.alltrails.com/trail/us/new-york/white-trail
http://www.alltrails.com/trail/us/new-york/wesley-hill-nature-preserve-trails
http://www.alltrails.com/trail/us/new-york/the-ibm-glen-trail-an-educational-preserve-of-the-fred-l-waterman
http://www.alltrails.com/trail/us/new-york/bronx-river-pathway
http://www.alltrails.com/trail/us/new-york/red-hill-fire-tower-trail--2
http://www.alltrails.com/trail/us/new-york/calamity-brook-trail-to-lake-colden
http://www.alltrails.com/trail/us/new-york/codfish-point-trail
http://www.alltrails.com/trail/us/new-york/christie-mine-big-hill-loop
http://www.alltrails.com/trail/us/new-york/mount-utsayantha
http://www.alltrails.com/trail/us/new-york/skinny-dip-falls-4-falls
http://www.alltrails.com/trail/us/new-york/lost-city-of-tryon-trail
http://www.alltrails.com/trail/us/new-york/johns-brook-trail
http://www.alltrails.com/trail/us/new-york/hither-hills-state-park
http://www.alltrails.com/trail/us/new-york/great-flats-nature-trail
http://www.alltrails.com/trail/us/new-york/gideon-putnam-trail
http://www.alltrails.com/trail/us/new-york/zoar-valley-unger-rd
http://www.alltrails.com/trail/us/new-york/long-path-trail
http://www.alltrails.com/trail/us/new-york/cohotate-preserve
http://www.alltrails.com/trail/us/new-york/the-great-santanoni
http://www.alltrails.com/trail/us/new-york/wilson-m-powell-wildlife-preserve
http://www.alltrails.com/trail/us/new-york/cathedral-rock
http://www.alltrails.com/trail/us/new-york/great-finger-lakes-wineries-challenge
http://www.alltrails.com/trail/us/new-york/valley-stream-state-park
http://www.alltrails.com/trail/us/new-york/fort-hill-trail
http://www.alltrails.com/trail/us/new-york/mount-hope-cemetery-trail
http://www.alltrails.com/trail/us/new-york/ramapo-dunderberg-trail
http://www.alltrails.com/trail/us/new-york/manitou-point-preserve-trail
http://www.alltrails.com/trail/us/new-york/brooklyn-park-to-park-brooklyn-bridge-to-prospect-park
http://www.alltrails.com/trail/us/new-york/jamesville-reservoir-and-butternut-creek
http://www.alltrails.com/trail/us/new-york/phelps-mountain
http://www.alltrails.com/trail/us/new-york/wonder-lake-blue-trail
http://www.alltrails.com/trail/us/new-york/adirondack-park-visitor-center-at-paul-smiths-nature-trails
http://www.alltrails.com/trail/us/new-york/jenkins-mountain-trail
http://www.alltrails.com/trail/us/new-york/cranberry-mountain-trail
http://www.alltrails.com/trail/us/new-york/caleb-smith-state-park-preserve
http://www.alltrails.com/trail/us/new-york/tanglewood-nature-center-gleason-meadows
http://www.alltrails.com/trail/us/new-york/old-croton-aqueduct-trail
http://www.alltrails.com/trail/us/new-york/old-bethpage-village-restoration
http://www.alltrails.com/trail/us/new-york/berlin-mountain
http://www.alltrails.com/trail/us/new-york/taconic-hereford-mua
http://www.alltrails.com/trail/us/new-york/rock-city-state-forest
http://www.alltrails.com/trail/us/new-york/broadway-from-the-battery-to-the-bronx
http://www.alltrails.com/trail/us/new-york/tinker-nature-park-trails
http://www.alltrails.com/trail/us/new-york/carriageway-circuit-trail
http://www.alltrails.com/trail/us/new-york/ooms-conservation-area
http://www.alltrails.com/trail/us/new-york/peninsula-trails
http://www.alltrails.com/trail/us/new-york/five-mile-mountain-lake-george
http://www.alltrails.com/trail/us/new-york/onteora-lake
http://www.alltrails.com/trail/us/new-york/appalachian-trail-us-9-to-dennytown-road
http://www.alltrails.com/trail/us/new-york/pandoras-box
http://www.alltrails.com/trail/us/new-york/point-woods-loop-trail
http://www.alltrails.com/trail/us/new-york/erie-county-sardinia-mark
http://www.alltrails.com/trail/us/new-york/alder-lake
http://www.alltrails.com/trail/us/new-york/glens-falls-feeder-canal-trail
http://www.alltrails.com/trail/us/new-york/tivoli-bays-trail
http://www.alltrails.com/trail/us/new-york/jay-mountain--2
http://www.alltrails.com/trail/us/new-york/potter-s-falls
http://www.alltrails.com/trail/us/new-york/hand-hollow-conservation-area
http://www.alltrails.com/trail/us/new-york/skaneateles-conservation-area-guppy-falls
http://www.alltrails.com/trail/us/new-york/chase-lake-trail
http://www.alltrails.com/trail/us/new-york/pelham-bay-park
http://www.alltrails.com/trail/us/new-york/bear-swamp-state-forest-long-loop
http://www.alltrails.com/trail/us/new-york/central-park-bridle-path
http://www.alltrails.com/trail/us/new-york/black-river-wild-forest-nicks-lake-loop-trail
http://www.alltrails.com/trail/us/new-york/wolfes-pond-park-trial
http://www.alltrails.com/trail/us/new-york/stewart-fields
http://www.alltrails.com/trail/us/new-york/glimmerglass-state-park
http://www.alltrails.com/trail/us/new-york/reynolds-gully-4-falls
http://www.alltrails.com/trail/us/new-york/wilton-wildlife-preserve
http://www.alltrails.com/trail/us/new-york/old-westbury-gardens
http://www.alltrails.com/trail/us/new-york/graham-hills-park-trail
http://www.alltrails.com/trail/us/new-york/battery-park-to-riverside-park
http://www.alltrails.com/trail/us/new-york/letchworth-trail-6-6a
http://www.alltrails.com/trail/us/new-york/garnsey-park
http://www.alltrails.com/trail/us/new-york/tibetts-brook-park
http://www.alltrails.com/trail/us/new-york/nyack
http://www.alltrails.com/trail/us/new-york/finger-lakes-national-forest-trail
http://www.alltrails.com/trail/us/new-york/round-hill-east-mountain-loop-trail
http://www.alltrails.com/trail/us/new-york/wolfe-park--2
http://www.alltrails.com/trail/us/new-york/roemers-high-point
http://www.alltrails.com/trail/us/new-york/seneca-park
http://www.alltrails.com/trail/us/new-york/albertos-favorite
http://www.alltrails.com/trail/us/new-york/northwest-bay-of-lake-george
http://www.alltrails.com/trail/us/new-york/grass-river-wild-forest-hike
http://www.alltrails.com/trail/us/new-york/eisenhower-park
http://www.alltrails.com/trail/us/new-york/debar-mountain
http://www.alltrails.com/trail/us/new-york/kayaderosseras-creek-paddle
http://www.alltrails.com/trail/us/new-york/cascade-lake-trail
http://www.alltrails.com/trail/us/new-york/iroquois-national-wildlife-refuge-and-tonawanda-wildlife-management
http://www.alltrails.com/trail/us/new-york/webster-park
http://www.alltrails.com/trail/us/new-york/inwood-hill-park-trail
http://www.alltrails.com/trail/us/new-york/kitchawan-preserve-trail
http://www.alltrails.com/trail/us/new-york/balsam-lake-mountain-wild-forest-trail
http://www.alltrails.com/trail/us/new-york/yankee-smith-trail
http://www.alltrails.com/trail/us/new-york/red-sandstone-trail
http://www.alltrails.com/trail/us/new-york/cascade-lake-loop-red-trail
http://www.alltrails.com/trail/us/new-york/long-mountain-loop
http://www.alltrails.com/trail/us/new-york/south-taconic-trail-north
http://www.alltrails.com/trail/us/new-york/erie-canal-heritage-trail
http://www.alltrails.com/trail/us/new-york/schodack-island
http://www.alltrails.com/trail/us/new-york/fish-hatchery-trail
http://www.alltrails.com/trail/us/new-york/belfrey-mountain
http://www.alltrails.com/trail/us/new-york/canopus-lake
http://www.alltrails.com/trail/us/new-york/fort-washington-park-greenway
http://www.alltrails.com/trail/us/new-york/woodcock-preserve
http://www.alltrails.com/trail/us/new-york/saratoga-county-tenant-mountain
http://www.alltrails.com/trail/us/new-york/spruce-shackham-ponds-loop-trail
http://www.alltrails.com/trail/us/new-york/greece-canal-park-trail
http://www.alltrails.com/trail/us/new-york/upland-nature-conservatory
http://www.alltrails.com/trail/us/new-york/trout-and-mud-ponds
http://www.alltrails.com/trail/us/new-york/emery-park
http://www.alltrails.com/trail/us/new-york/shelving-rock-mountain-and-shelving-rock-falls-lake-george
http://www.alltrails.com/trail/us/new-york/wertheim-national-wildlife-refuge
http://www.alltrails.com/trail/us/new-york/chadwick-lake
http://www.alltrails.com/trail/us/new-york/southaven-county-park
http://www.alltrails.com/trail/us/new-york/cherry-plain-state-park-campground
http://www.alltrails.com/trail/us/new-york/escarpment-trail
http://www.alltrails.com/trail/us/new-york/berlin-mountain-trail
http://www.alltrails.com/trail/us/new-york/lost-pond-trail
http://www.alltrails.com/trail/us/new-york/labrador-hollow-unique-area
http://www.alltrails.com/trail/us/new-york/black-creek-chili
http://www.alltrails.com/trail/us/new-york/glacier-8-trail
http://www.alltrails.com/trail/us/new-york/aqua-terra
http://www.alltrails.com/trail/us/new-york/casey-park-trails
http://www.alltrails.com/trail/us/new-york/salmon-river-falls-lower-dam-trail
http://www.alltrails.com/trail/us/new-york/orange-heritage-trail
http://www.alltrails.com/trail/us/new-york/kakiat-trail
http://www.alltrails.com/trail/us/new-york/deferiet
http://www.alltrails.com/trail/us/new-york/mongaup-pond-campground-trail
http://www.alltrails.com/trail/us/new-york/fawn-lake-trail
http://www.alltrails.com/trail/us/new-york/halcott-mountain
http://www.alltrails.com/trail/us/new-york/van-cortlandt-park-trail
http://www.alltrails.com/trail/us/new-york/the-trapps
http://www.alltrails.com/trail/us/new-york/the-seward-range-seward-donaldson-emmons-and-seymour
http://www.alltrails.com/trail/us/new-york/fort-drum-trails
http://www.alltrails.com/trail/us/new-york/ontario-pathways-phelps
http://www.alltrails.com/trail/us/new-york/long-point-state-park
http://www.alltrails.com/trail/us/new-york/ludlowville-falls
http://www.alltrails.com/trail/us/new-york/new-paltz-via-wallkill-valley-rail-trail
http://www.alltrails.com/trail/us/new-york/old-scarbuck-trail
http://www.alltrails.com/trail/us/new-york/eagle-hill-trail-loop
http://www.alltrails.com/trail/us/new-york/north-ponds-park-trail
http://www.alltrails.com/trail/us/new-york/new-buck-climbing
http://www.alltrails.com/trail/us/new-york/winn-preserve
http://www.alltrails.com/trail/us/new-york/target-rock-national-wildlife-refuge
http://www.alltrails.com/trail/us/new-york/roosevelt-woods-trail
http://www.alltrails.com/trail/us/new-york/bucktail-falls
http://www.alltrails.com/trail/us/new-york/taconic-state-park-copake-falls-area-campground
http://www.alltrails.com/trail/us/new-york/dryer-road-park
http://www.alltrails.com/trail/us/new-york/fulton-county-pigeon-mountain
http://www.alltrails.com/trail/us/new-york/sleeping-lion-trail
http://www.alltrails.com/trail/us/new-york/tirrell-pond-trail
http://www.alltrails.com/trail/us/new-york/haystack-basin-saddleback
http://www.alltrails.com/trail/us/new-york/jockeybush-lake-trail
http://www.alltrails.com/trail/us/new-york/fire-island-national-seashore
http://www.alltrails.com/trail/us/new-york/glen-cove-sea-cliff
http://www.alltrails.com/trail/us/new-york/hayes-nature-park
http://www.alltrails.com/trail/us/new-york/balsam-mountain-loop-trail
http://www.alltrails.com/trail/us/new-york/hurricane-mountain-trail-southern-approach
http://www.alltrails.com/trail/us/new-york/sunset-rock-trail
http://www.alltrails.com/trail/us/new-york/charles-t-church-nature-sanctuary-shu-swamp
http://www.alltrails.com/trail/us/new-york/bare-hill-unique-area-trails
http://www.alltrails.com/trail/us/new-york/giant-nubble
http://www.alltrails.com/trail/us/new-york/suffern-bear-mountain-trail--3
http://www.alltrails.com/trail/us/new-york/ontario-pathways-rail-trail
http://www.alltrails.com/trail/us/new-york/onanda-park-upland-hiking-trail
http://www.alltrails.com/trail/us/new-york/hubbard-perkins-conservation-area
http://www.alltrails.com/trail/us/new-york/shequaga-falls
http://www.alltrails.com/trail/us/new-york/cedar-point-lighthouse-loop-trail
http://www.alltrails.com/trail/us/new-york/bud-brook-falls-12-falls
http://www.alltrails.com/trail/us/new-york/bear-mountain-loop-at-cranberry-lake-campground
http://www.alltrails.com/trail/us/new-york/swallow-hollow
http://www.alltrails.com/trail/us/new-york/silver-lake-wilderness-trail-silver-lake-mud-lake
http://www.alltrails.com/trail/us/new-york/fitzgerald-falls-to-little-dam-lake-appalachian-trail
http://www.alltrails.com/trail/us/new-york/coxing-area-shongum-preserve
http://www.alltrails.com/trail/us/new-york/sterling-ridge
http://www.alltrails.com/trail/us/new-york/cranberry-bog-long-island
http://www.alltrails.com/trail/us/new-york/table-rock
http://www.alltrails.com/trail/us/new-york/mckenzie-pond-trail
http://www.alltrails.com/trail/us/new-york/little-pond-loop-trail
http://www.alltrails.com/trail/us/new-york/letter-rock-mountain-loop
http://www.alltrails.com/trail/us/new-york/suffern-bear-mountain-trail
http://www.alltrails.com/trail/us/new-york/rush-pond-trail
http://www.alltrails.com/trail/us/new-york/ramapo-dunderburg-trail
http://www.alltrails.com/trail/us/new-york/rexford-falls
http://www.alltrails.com/trail/us/new-york/wildwood-state-park
http://www.alltrails.com/trail/us/new-york/johnson-hill-trail
http://www.alltrails.com/trail/us/new-york/spectacle-pond-trail
http://www.alltrails.com/trail/us/new-york/old-erie-canal-dewitt-to-canastota
http://www.alltrails.com/trail/us/new-york/nissequogue-river
http://www.alltrails.com/trail/us/new-york/webster-hojack-trail
http://www.alltrails.com/trail/us/new-york/spruce-bog-trail-loop
http://www.alltrails.com/trail/us/new-york/genesee-county-park-and-forest
http://www.alltrails.com/trail/us/new-york/jones-park-formerly-state-line-park
http://www.alltrails.com/trail/us/new-york/doubletop-and-graham-bushwhack
http://www.alltrails.com/trail/us/new-york/willowemoc-wild-forest-trail
http://www.alltrails.com/trail/us/new-york/three-lakes-trail--2
http://www.alltrails.com/trail/us/new-york/lost-pond-at-manitoga-preserve
http://www.alltrails.com/trail/us/new-york/john-young-trail
http://www.alltrails.com/trail/us/new-york/chippewa-falls
http://www.alltrails.com/trail/us/new-york/the-long-path
http://www.alltrails.com/trail/us/new-york/the-dix-range
http://www.alltrails.com/trail/us/new-york/tawasentha-park
http://www.alltrails.com/trail/us/new-york/hopkins-trail
http://www.alltrails.com/trail/us/new-york/goodman-mountain-trail
http://www.alltrails.com/trail/us/new-york/floodwood-loop
http://www.alltrails.com/trail/us/new-york/seth-green-trail
http://www.alltrails.com/trail/us/new-york/brooklyn-bridge-walk
http://www.alltrails.com/trail/us/new-york/chenango-valley-state-park-woodland-trail
http://www.alltrails.com/trail/us/new-york/knox-farm-state-park
http://www.alltrails.com/trail/us/new-york/siamese-ponds-hike
http://www.alltrails.com/trail/us/new-york/the-county-line-lakes-trail
http://www.alltrails.com/trail/us/new-york/lime-hollow-center-for-environment-and-culture-trails
http://www.alltrails.com/trail/us/new-york/walton-woods
http://www.alltrails.com/trail/us/new-york/skytop
http://www.alltrails.com/trail/us/new-york/woodhull-mountain-firetower
http://www.alltrails.com/trail/us/new-york/newburgh-ny
http://www.alltrails.com/trail/us/new-york/west-shore-trail-and-long-branch-park
http://www.alltrails.com/trail/us/new-york/cliff-trail-loop
http://www.alltrails.com/trail/us/new-york/warren-county-gore-mountain
http://www.alltrails.com/trail/us/new-york/spruceton-trail
http://www.alltrails.com/trail/us/new-york/oatka-creek-park
http://www.alltrails.com/trail/us/new-york/siamese-ponds-from-eleventh-mountain-trail
http://www.alltrails.com/trail/us/new-york/thompson-park-trails
http://www.alltrails.com/trail/us/new-york/franklin-d-roosevelt-state-park
http://www.alltrails.com/trail/us/new-york/catfish-loop-trail
http://www.alltrails.com/trail/us/new-york/great-gully-falls-4-falls
http://www.alltrails.com/trail/us/new-york/westchester-county-new-york-harrison-to-rye
http://www.alltrails.com/trail/us/new-york/mt-skylight-mt-marcy-and-gray-peak
http://www.alltrails.com/trail/us/new-york/nippletop-and-dial
http://www.alltrails.com/trail/us/new-york/coyotes-den-trail
http://www.alltrails.com/trail/us/new-york/long-beach-boardwalk
http://www.alltrails.com/trail/us/new-york/dickinson-hill-fire-tower
http://www.alltrails.com/trail/us/new-york/irondequoit-creek-ellison-park-to-irondequoit-bay
http://www.alltrails.com/trail/us/new-york/jamaica-bay-wildlife-refuge
http://www.alltrails.com/trail/us/new-york/balanced-rock
http://www.alltrails.com/trail/us/new-york/franklin-county-seward-mountain
http://www.alltrails.com/trail/us/new-york/moreau-lake-overlooks
http://www.alltrails.com/trail/us/new-york/delaware-county-bearpen-mountain
http://www.alltrails.com/trail/us/new-york/webster-arboretum-trail
http://www.alltrails.com/trail/us/new-york/double-drop-falls-2-falls
http://www.alltrails.com/trail/us/new-york/beechwood-state-park-trails
http://www.alltrails.com/trail/us/new-york/suffern-bear-mountain
http://www.alltrails.com/trail/us/new-york/como-lake-park
http://www.alltrails.com/trail/us/new-york/robert-moses-state-park
http://www.alltrails.com/trail/us/new-york/central-park-north-woods
http://www.alltrails.com/trail/us/new-york/button-falls
http://www.alltrails.com/trail/us/new-york/sterling-valley-loop-sterling-state-forest
http://www.alltrails.com/trail/us/new-york/vanderbilt
http://www.alltrails.com/trail/us/new-york/chimney-top-trail
http://www.alltrails.com/trail/us/new-york/santanoni-range-panther-santanoni-couchsachraga-peaks
http://www.alltrails.com/trail/us/new-york/hunter-mountain-via-becker-hollow-trail
http://www.alltrails.com/trail/us/new-york/pharaoh-lake-from-the-south
http://www.alltrails.com/trail/us/new-york/sugar-creek-glen-9-falls
http://www.alltrails.com/trail/us/new-york/ross-whortleberry-and-big-bad-luck-ponds-trail
http://www.alltrails.com/trail/us/new-york/harriet-hollister-spencer-memorial-state-recreation-area
http://www.alltrails.com/trail/us/new-york/t-lake-trail
http://www.alltrails.com/trail/us/new-york/wolcott-falls
http://www.alltrails.com/trail/us/new-york/wildcat-mt-loop-streling-state-forest
http://www.alltrails.com/trail/us/new-york/erie-canal-park
http://www.alltrails.com/trail/us/new-york/three-sisters-trail
http://www.alltrails.com/trail/us/new-york/delaware-park-trail
http://www.alltrails.com/trail/us/new-york/birdsong-trail
http://www.alltrails.com/trail/us/new-york/trek-to-turkey-point
http://www.alltrails.com/trail/us/new-york/bond-lake
http://www.alltrails.com/trail/us/new-york/interloken-trail
http://www.alltrails.com/trail/us/new-york/tompkins-county-connecticut-hill
http://www.alltrails.com/trail/us/new-york/seneca-mill-and-cascade-mill-falls
http://www.alltrails.com/trail/us/new-york/noonmark-mountain--2
http://www.alltrails.com/trail/us/new-york/wakely-mountain--2
http://www.alltrails.com/trail/us/new-york/oakley-corners-state-forest
http://www.alltrails.com/trail/us/new-york/keshequa-creek-falls-3-falls
http://www.alltrails.com/trail/us/new-york/mt-allen-from-upper-works-trailhead
http://www.alltrails.com/trail/us/new-york/south-hill-recreation-way
http://www.alltrails.com/trail/us/new-york/fishers-park-trail
http://www.alltrails.com/trail/us/new-york/mashomack-preserve
http://www.alltrails.com/trail/us/new-york/seward-donaldson-emmons
http://www.alltrails.com/trail/us/new-york/west-canada-lakes-trail
http://www.alltrails.com/trail/us/new-york/yates-county-italy-hill
http://www.alltrails.com/trail/us/new-york/appalachian-national-scenic-trail
http://www.alltrails.com/trail/us/new-york/indian-pass-trail
http://www.alltrails.com/trail/us/new-york/appalachian-trail-hosner-mountain-to-cat-rocks
http://www.alltrails.com/trail/us/new-york/cooper-sundial-to-vanyahres-trail
http://www.alltrails.com/trail/us/new-york/ganargua-creek-meadow-preserve-trails
http://www.alltrails.com/trail/us/new-york/lackawanna-wetlands-ghost-bridge-trail
http://www.alltrails.com/trail/us/new-york/allegany-state-park-art-roscoe-ski-area
http://www.alltrails.com/trail/us/new-york/lake-awosting-and-stony-kill-falls
http://www.alltrails.com/trail/us/new-york/north-dome-and-sherill-bushwhack
http://www.alltrails.com/trail/us/new-york/montville-and-decker-creek-falls
http://www.alltrails.com/trail/us/new-york/woodchuck-hollow-loop-trail
http://www.alltrails.com/trail/us/new-york/mount-tuscarora-trail
http://www.alltrails.com/trail/us/new-york/catharine-valley-trail
http://www.alltrails.com/trail/us/new-york/old-dam-and-edwards-falls
http://www.alltrails.com/trail/us/new-york/cornell-lab-of-ornithology-sapsucker-woods-wilson-trail
http://www.alltrails.com/trail/us/new-york/trillium-trail-loop
http://www.alltrails.com/trail/us/new-york/henrys-woods--2
http://www.alltrails.com/trail/us/new-york/blue-trails-north
http://www.alltrails.com/trail/us/new-york/wells-falls
http://www.alltrails.com/trail/us/new-york/charlie-major-trail
http://www.alltrails.com/trail/us/new-york/breezy-point-to-montauk-point
http://www.alltrails.com/trail/us/new-york/suffolk-greenbelt-trail
http://www.alltrails.com/trail/us/new-york/beaver-meadow-nature-center
http://www.alltrails.com/trail/us/new-york/backbone-trail
http://www.alltrails.com/trail/us/new-york/bear-swamp-state-forest-long-loop-trail
http://www.alltrails.com/trail/us/new-york/schaghticoke-mountain
http://www.alltrails.com/trail/us/new-york/fuller-mountain-preserve-trail
http://www.alltrails.com/trail/us/new-york/westchester-county-new-york-kensico-reservoir-loop
http://www.alltrails.com/trail/us/new-york/gorge-trail
http://www.alltrails.com/trail/us/new-york/mt-skylight
http://www.alltrails.com/trail/us/new-york/southwest-hunter-bushwhack
http://www.alltrails.com/trail/us/new-york/hopeland-area
http://www.alltrails.com/trail/us/new-york/wiscoy-falls
http://www.alltrails.com/trail/us/new-york/earl-reservoir-loop
http://www.alltrails.com/trail/us/new-york/blue-cut-nature-center-trails
http://www.alltrails.com/trail/us/new-york/catskill-scenic-trail
http://www.alltrails.com/trail/us/new-york/northampton-park
http://www.alltrails.com/trail/us/new-york/tuller-hill-state-forest-trails
http://www.alltrails.com/trail/us/new-york/mt-esther
http://www.alltrails.com/trail/us/new-york/roaring-brook-trail
http://www.alltrails.com/trail/us/new-york/dabes-diversion-loop
http://www.alltrails.com/trail/us/new-york/montauk-point-parks
http://www.alltrails.com/trail/us/new-york/glenmere-lake
http://www.alltrails.com/trail/us/new-york/indian-falls----
http://www.alltrails.com/trail/us/new-york/deckertown-falls-3-falls
http://www.alltrails.com/trail/us/new-york/south-county-trailway
http://www.alltrails.com/trail/us/new-york/coney-island-and-brighton-beach
http://www.alltrails.com/trail/us/new-york/harlem-valley-rail-trail
http://www.alltrails.com/trail/us/new-york/osgood
http://www.alltrails.com/trail/us/new-york/blackhead-black-dome-and-thomas-cole
http://www.alltrails.com/trail/us/new-york/dry-brook-ridge-trail
http://www.alltrails.com/trail/us/new-york/mount-redfield
http://www.alltrails.com/trail/us/new-york/mountain-trail-loop
http://www.alltrails.com/trail/us/new-york/thompson-pond
http://www.alltrails.com/trail/us/new-york/high-falls-of-the-genesee-river
http://www.alltrails.com/trail/us/new-york/galway-preserve
http://www.alltrails.com/trail/us/new-york/lockport-canal-falls
http://www.alltrails.com/trail/us/new-york/urbana-state-forest-trails
http://www.alltrails.com/trail/us/new-york/the-holy-land
http://www.alltrails.com/trail/us/new-york/old-putnam-trail
http://www.alltrails.com/trail/us/new-york/genesee-valley-greenway-trail-scottsville
http://www.alltrails.com/trail/us/new-york/huggins-lake-trail
http://www.alltrails.com/trail/us/new-york/pittsfield-state-forest-area-trails
http://www.alltrails.com/trail/us/new-york/pine-orchard
http://www.alltrails.com/trail/us/new-york/cranberry-lake-campground-trail
http://www.alltrails.com/trail/us/new-york/aunt-sarahs-falls
http://www.alltrails.com/trail/us/new-york/fish-creek-saratoga-lake
http://www.alltrails.com/trail/us/new-york/greenwood-park
http://www.alltrails.com/trail/us/new-york/ledges-trail
http://www.alltrails.com/trail/us/new-york/baxter-preserve
http://www.alltrails.com/trail/us/new-york/cat-mountain-pond-trail
http://www.alltrails.com/trail/us/new-york/riedlbauers-waterfall
http://www.alltrails.com/trail/us/new-york/middle-saranac-lake
http://www.alltrails.com/trail/us/new-york/white-pond-trail
http://www.alltrails.com/trail/us/new-york/moonbeams-preserve-trail
http://www.alltrails.com/trail/us/new-york/bog-meadow-brook-nature-trail--2
http://www.alltrails.com/trail/us/new-york/redfield-and-cliff-via-upper-works
http://www.alltrails.com/trail/us/new-york/cayuga-nature-center-trail
http://www.alltrails.com/trail/us/new-york/mount-wellington-trail
http://www.alltrails.com/trail/us/new-york/sierra-and-freedom-trails
http://www.alltrails.com/trail/us/new-york/seneca-trail
http://www.alltrails.com/trail/us/new-york/vah-yahres-chicken-farm-loop
http://www.alltrails.com/trail/us/new-york/mt-colden-via-the-trapdike
http://www.alltrails.com/trail/us/new-york/the-great-secret-dune
http://www.alltrails.com/trail/us/new-york/slide-mountain-wilderness-trail
http://www.alltrails.com/trail/us/new-york/daffodil-trail
http://www.alltrails.com/trail/us/new-york/honeoye-falls-2-falls
http://www.alltrails.com/trail/us/new-york/bear-spring-mountain-campground-trail
http://www.alltrails.com/trail/us/new-york/heiberg-memorial-forest
http://www.alltrails.com/trail/us/new-york/otsiningo-park
http://www.alltrails.com/trail/us/new-york/stillwater-reservoir
http://www.alltrails.com/trail/us/new-york/jones-beach-boardwalk
http://www.alltrails.com/trail/us/new-york/south-shore-nature-center
http://www.alltrails.com/trail/us/new-york/walnut-falls
http://www.alltrails.com/trail/us/new-york/west-mountain-via-raquette-lake-kayak-hike-combo
http://www.alltrails.com/trail/us/new-york/great-swamp-conservancy-canastota-ny--2
http://www.alltrails.com/trail/us/new-york/westmoreland-grand-tour
http://www.alltrails.com/trail/us/new-york/sound-view-dunes-park-forest-trail
http://www.alltrails.com/trail/us/new-york/genesee-river-charlotte-area
http://www.alltrails.com/trail/us/new-york/the-bloomingdale-bog-trail
http://www.alltrails.com/trail/us/new-york/table-mountain-trail
http://www.alltrails.com/trail/us/new-york/wildwood-state-park-campground
http://www.alltrails.com/trail/us/new-york/lake-george-rec-center
http://www.alltrails.com/trail/us/new-york/bob-cameron-loop-trail
http://www.alltrails.com/trail/us/new-york/sailors-haven-and-sunken-forest
http://www.alltrails.com/trail/us/new-york/eighteenmile-creek-burt-dam-to-olcott
http://www.alltrails.com/trail/us/new-york/artpark-trail
http://www.alltrails.com/trail/us/new-york/echo-cliff-trail--2
http://www.alltrails.com/trail/us/new-york/baxter-mountain--2
http://www.alltrails.com/trail/us/new-york/greenport-conservation-area
http://www.alltrails.com/trail/us/new-york/crescent-trail-white-brook-nature-area-section
http://www.alltrails.com/trail/us/new-york/around-sky-top
http://www.alltrails.com/trail/us/new-york/red-falls-and-bullocks-woods-waterfall
http://www.alltrails.com/trail/us/new-york/colgate-lake
http://www.alltrails.com/trail/us/new-york/berry-hill-fire-tower-finger-lakes-trail-system
http://www.alltrails.com/trail/us/new-york/east-bay-mudge-creek-and-chimney-bluffs
http://www.alltrails.com/trail/us/new-york/stockbridge-falls
http://www.alltrails.com/trail/us/new-york/farmingville-hills-county-park
http://www.alltrails.com/trail/us/new-york/elizabeth-a-morton-national-wildlife-refuge
http://www.alltrails.com/trail/us/new-york/goose-pond-trail
http://www.alltrails.com/trail/us/new-york/berlin-state-forest-trail-cowdry-hollow-rd-th
http://www.alltrails.com/trail/us/new-york/david-a-sarnoff-pine-barrens-preserve
http://www.alltrails.com/trail/us/new-york/long-path
http://www.alltrails.com/trail/us/new-york/montezuma-national-wildlife-refuge-wildlife-drive
http://www.alltrails.com/trail/us/new-york/scoby-dam-park
http://www.alltrails.com/trail/us/new-york/burnt-hill-trail
http://www.alltrails.com/trail/us/new-york/bonticou-road-tour
http://www.alltrails.com/trail/us/new-york/glen-lake-overlook-trail
http://www.alltrails.com/trail/us/new-york/montauk-beach-loop
http://www.alltrails.com/trail/us/new-york/earl-cardot-eastside-overland-trail
http://www.alltrails.com/trail/us/new-york/black-dome-mountain--2
http://www.alltrails.com/trail/us/new-york/klondike-state-forest
http://www.alltrails.com/trail/us/new-york/bee-trail-loop
http://www.alltrails.com/trail/us/new-york/rochester-city-skyway-trail
http://www.alltrails.com/trail/us/new-york/lower-great-range
http://www.alltrails.com/trail/us/new-york/james-baird-state-park-trail
http://www.alltrails.com/trail/us/new-york/goose-pond-mountain-bike-trails
http://www.alltrails.com/trail/us/new-york/catskill-creek-and-ramshorn-marsh
http://www.alltrails.com/trail/us/new-york/great-river-oakdale
http://www.alltrails.com/trail/us/new-york/stewart-preserve-orange-trail
http://www.alltrails.com/trail/us/new-york/john-f-kennedy-memorial-wildlife-sanctuary
http://www.alltrails.com/trail/us/new-york/little-woodhull-lake-trail
http://www.alltrails.com/trail/us/new-york/south-taconic-trail-south
http://www.alltrails.com/trail/us/new-york/sugarloaf-mt-loop
http://www.alltrails.com/trail/us/new-york/pratt-rock
http://www.alltrails.com/trail/us/new-york/furnace-loop-trail
http://www.alltrails.com/trail/us/new-york/granite-knolls
http://www.alltrails.com/trail/us/new-york/rockland-county-rockhouse-mountain
http://www.alltrails.com/trail/us/new-york/motts-hill-trails
http://www.alltrails.com/trail/us/new-york/clear-pond-trail
http://www.alltrails.com/trail/us/new-york/spring-valley-to-cape-may
http://www.alltrails.com/trail/us/new-york/howland-island
http://www.alltrails.com/trail/us/new-york/queer-lake-loop-trail
http://www.alltrails.com/trail/us/new-york/murphy-county-park-trail
http://www.alltrails.com/trail/us/new-york/bowman-lake-state-park-campground
http://www.alltrails.com/trail/us/new-york/a-taste-of-new-england-challenge
http://www.alltrails.com/trail/us/new-york/highland-reservoir-loop-trail
http://www.alltrails.com/trail/us/new-york/pfeiffer-nature-center-eshelman-tract
http://www.alltrails.com/trail/us/new-york/north-creek-rd
http://www.alltrails.com/trail/us/new-york/moose-pond
http://www.alltrails.com/trail/us/new-york/suffolk-county-long-island-greenlawn-huntington
http://www.alltrails.com/trail/us/new-york/phoenicia-trail
http://www.alltrails.com/trail/us/new-york/betty-allen-nature-preserve--2
http://www.alltrails.com/trail/us/new-york/lancaster-heritage-trail
http://www.alltrails.com/trail/us/new-york/ausable-river-west-branch
http://www.alltrails.com/trail/us/new-york/shadmoor-state-preserve-trail
http://www.alltrails.com/trail/us/new-york/finch-hollow-nature-center
http://www.alltrails.com/trail/us/new-york/raquette-river
http://www.alltrails.com/trail/us/new-york/walking-dunes-trail
http://www.alltrails.com/trail/us/new-york/westchester-county-katonah-and-croton-reservoir
http://www.alltrails.com/trail/us/new-york/buttermilk-falls-owego
http://www.alltrails.com/trail/us/new-york/lighthouse-loop
http://www.alltrails.com/trail/us/new-york/bordens-pond-preserve
http://www.alltrails.com/trail/us/new-york/medina-falls-trail
http://www.alltrails.com/trail/us/new-york/lakeshore-park-seneca-lake-state-park-trail
http://www.alltrails.com/trail/us/new-york/huntersfield-mountain
http://www.alltrails.com/trail/us/new-york/vernooykill-falls-trail
http://www.alltrails.com/trail/us/new-york/saranac-lakes-chain
http://www.alltrails.com/trail/us/new-york/navy-cooperative-area-trails
http://www.alltrails.com/trail/us/new-york/texas-hollow-state-forest-trails
http://www.alltrails.com/trail/us/new-york/big-crow-and-nun-da-ga-o-ridge-loop
http://www.alltrails.com/trail/us/new-york/tackapausha-preserve
http://www.alltrails.com/trail/us/new-york/mt-marshall
http://www.alltrails.com/trail/us/new-york/tupper-lake-raquette-lake-simon-pond-and-piercefield-flow
http://www.alltrails.com/trail/us/new-york/lake-sebago-beach-trail
http://www.alltrails.com/trail/us/new-york/lollypop-farm-trail
http://www.alltrails.com/trail/us/new-york/genesee-valley-greenway-portageville-to-nunda
http://www.alltrails.com/trail/us/new-york/onondaga-lake-park-trails
http://www.alltrails.com/trail/us/new-york/sullivan-county-beech-mountain
http://www.alltrails.com/trail/us/new-york/competition-trail-loop
http://www.alltrails.com/trail/us/new-york/cumming-nature-center
http://www.alltrails.com/trail/us/new-york/new-hope-mills-falls-2-falls
http://www.alltrails.com/trail/us/new-york/eldridge-wilderness-trails
http://www.alltrails.com/trail/us/new-york/weston-trail
http://www.alltrails.com/trail/us/new-york/cheney-pond-to-boreas-lester-flow-paddle
http://www.alltrails.com/trail/us/new-york/carthage-park-blue-trail
http://www.alltrails.com/trail/us/new-york/braddock-bay-raptor-research-trail
http://www.alltrails.com/trail/us/new-york/spruce-pond
http://www.alltrails.com/trail/us/new-york/cook-mountain-preserve
http://www.alltrails.com/trail/us/new-york/lake-welch-beach-trail
http://www.alltrails.com/trail/us/new-york/albany-county-unnamed-summit
http://www.alltrails.com/trail/us/new-york/wilbur-park
http://www.alltrails.com/trail/us/new-york/sylvan-glen-park-preserve
http://www.alltrails.com/trail/us/new-york/long-pond-greenbelt-trail
http://www.alltrails.com/trail/us/new-york/exploring-high-line-park-with-kids
http://www.alltrails.com/trail/us/new-york/lake-champlain
http://www.alltrails.com/trail/us/new-york/spanish-and-irvin-loop-trails
http://www.alltrails.com/trail/us/new-york/groff-creek-trail
http://www.alltrails.com/trail/us/new-york/westchester-county-bailey-mountain
http://www.alltrails.com/trail/us/new-york/mt-loop
http://www.alltrails.com/trail/us/new-york/mill-drop-falls
http://www.alltrails.com/trail/us/new-york/big-indian-wilderness-trail
http://www.alltrails.com/trail/us/new-york/mt-colden-via-the-east-slide
http://www.alltrails.com/trail/us/new-york/esker-brook-nature-trail
http://www.alltrails.com/trail/us/new-york/treadway-mountain-trail
http://www.alltrails.com/trail/us/new-york/petticoat-hill-trail
http://www.alltrails.com/trail/us/new-york/moss-lake
http://www.alltrails.com/trail/us/new-york/springdale-farm-trail
http://www.alltrails.com/trail/us/new-york/chickadee-hollow-loop--3
http://www.alltrails.com/trail/us/new-york/peppermill-gulf
http://www.alltrails.com/trail/us/new-york/nathaniel-cole-park-lakeview-trail
http://www.alltrails.com/trail/us/new-york/home-trail
http://www.alltrails.com/trail/us/new-york/mount-haystack-loop-trail
http://www.alltrails.com/trail/us/new-york/red-oak
http://www.alltrails.com/trail/us/new-york/clark-tower
http://www.alltrails.com/trail/us/new-york/holley-canal-falls----
http://www.alltrails.com/trail/us/new-york/staten-island-shoreline-and-history
http://www.alltrails.com/trail/us/new-york/elm-ridge-trail-fun-loop
http://www.alltrails.com/trail/us/new-york/big-pond-trail
http://www.alltrails.com/trail/us/new-york/clay-pit-ponds-connector
http://www.alltrails.com/trail/us/new-york/geneva-seneca-and-gorham-in-ontario-and-yates-counties-cobblestone
http://www.alltrails.com/trail/us/new-york/northwest-by-northwest
http://www.alltrails.com/trail/us/new-york/smith-point-west-beach-trail
http://www.alltrails.com/trail/us/new-york/the-green-wood-cemetery
http://www.alltrails.com/trail/us/new-york/hammond-hill-state-forest
http://www.alltrails.com/trail/us/new-york/calves-pen-lake-george
http://www.alltrails.com/trail/us/new-york/allegheny-river-allegany-to-kill-buck
http://www.alltrails.com/trail/us/new-york/nassau-county-museum-of-art
http://www.alltrails.com/trail/us/new-york/yellow-trail
http://www.alltrails.com/trail/us/new-york/wilson-pond-trail
http://www.alltrails.com/trail/us/new-york/schuyler-county-sugar-hill
http://www.alltrails.com/trail/us/new-york/angel-falls----
http://www.alltrails.com/trail/us/new-york/peconic-river
http://www.alltrails.com/trail/us/new-york/jenksville-state-forest-loop
http://www.alltrails.com/trail/us/new-york/lehigh-crossing-trolley-trail-loop
http://www.alltrails.com/trail/us/new-york/pine-hill-west-branch-trail
http://www.alltrails.com/trail/us/new-york/west-side-overland-trail
http://www.alltrails.com/trail/us/new-york/beechwoods-park-trail
http://www.alltrails.com/trail/us/new-york/hamilton-mountain-fire-tower-trail
http://www.alltrails.com/trail/us/new-york/esopus-river
http://www.alltrails.com/trail/us/new-york/neilmann-trailhead
http://www.alltrails.com/trail/us/new-york/waterman-conservation-education-center
http://www.alltrails.com/trail/us/new-york/rockland-county-new-york-hudson-river-loop
http://www.alltrails.com/trail/us/new-york/hardy-road-beaver-brook
http://www.alltrails.com/trail/us/new-york/stony-brook-port-jefferson
http://www.alltrails.com/trail/us/new-york/hampton-bays-shinnecock-canal
http://www.alltrails.com/trail/us/new-york/st-regis-canoe-area
http://www.alltrails.com/trail/us/new-york/oak-orchard-creek
http://www.alltrails.com/trail/us/new-york/hemlock-and-canadice-lakes
http://www.alltrails.com/trail/us/new-york/hilton-hojack-trail
http://www.alltrails.com/trail/us/new-york/queen-catharine-marsh-willow-walk-trail
http://www.alltrails.com/trail/us/new-york/quaker-lake
http://www.alltrails.com/trail/us/new-york/cuyler-state-forest
http://www.alltrails.com/trail/us/new-york/cypress-hills-and-highland-park
http://www.alltrails.com/trail/us/new-york/old-ski-run-trail
http://www.alltrails.com/trail/us/new-york/birnberg-nature-preserve-trail
http://www.alltrails.com/trail/us/new-york/torne-mount-ivy-trail
http://www.alltrails.com/trail/us/new-york/rider-hollow
http://www.alltrails.com/trail/us/new-york/black-diamonds-loop
http://www.alltrails.com/trail/us/new-york/hawley-dam-falls
http://www.alltrails.com/trail/us/new-york/oriskany-falls
http://www.alltrails.com/trail/us/new-york/maple-ridge
http://www.alltrails.com/trail/us/new-york/cayuga-lake-inlet
http://www.alltrails.com/trail/us/new-york/hardwood-swamp-trail
http://www.alltrails.com/trail/us/new-york/helmer-nature-center-trails
http://www.alltrails.com/trail/us/new-york/lindsay-parsons-biodiversity-preserve-trails
http://www.alltrails.com/trail/us/new-york/meacham-lake-campground
http://www.alltrails.com/trail/us/new-york/pixley-falls-nature-trail
http://www.alltrails.com/trail/us/new-york/fair-haven-beach-state-park-campground
http://www.alltrails.com/trail/us/new-york/harris-whalen-trail
http://www.alltrails.com/trail/us/new-york/mount-holly-preserve-the-nature-conservancy
http://www.alltrails.com/trail/us/new-york/densmore-falls
http://www.alltrails.com/trail/us/new-york/red-lake-and-indian-river
http://www.alltrails.com/trail/us/new-york/lakeview-natural-beach-hike
http://www.alltrails.com/trail/us/new-york/the-old-put-path
http://www.alltrails.com/trail/us/new-york/eastchester-reservoir-three-loop
http://www.alltrails.com/trail/us/new-york/bloodsucker-passage
http://www.alltrails.com/trail/us/new-york/lake-lila
http://www.alltrails.com/trail/us/new-york/fraser-burial-site-trail
http://www.alltrails.com/trail/us/new-york/hubbard-county-park-trail
http://www.alltrails.com/trail/us/new-york/black-river-watertown-to-brownville
http://www.alltrails.com/trail/us/new-york/schenectady-county-unnamed-summit
http://www.alltrails.com/trail/us/new-york/long-pond
http://www.alltrails.com/trail/us/new-york/nundawao-the-great-hill-preserve-trails
http://www.alltrails.com/trail/us/new-york/irondequoit-creek-trail
http://www.alltrails.com/trail/us/new-york/mountain-laurel-loop-trail
http://www.alltrails.com/trail/us/new-york/rockland-county-new-york-stoney-point
http://www.alltrails.com/trail/us/new-york/cranberry-pond-nature-trail
http://www.alltrails.com/trail/us/new-york/towpath-trail-loop
http://www.alltrails.com/trail/us/new-york/luzerne-campground
http://www.alltrails.com/trail/us/new-york/hanging-bog-pond
http://www.alltrails.com/trail/us/new-york/marian-yarrow-sanctuary-the-nature-conservancy
http://www.alltrails.com/trail/us/new-york/rooster-comb-and-snow-mountain-loop
http://www.alltrails.com/trail/us/new-york/fish-creek-to-oneida-lake
http://www.alltrails.com/trail/us/new-york/birdseye-hollow-pond
http://www.alltrails.com/trail/us/new-york/malone-rec-park
http://www.alltrails.com/trail/us/new-york/tom-jones-and-dutch-doctor-loop
http://www.alltrails.com/trail/us/new-york/erie-canal-park-trail
http://www.alltrails.com/trail/us/new-york/marine-park-gerritsen-beach-and-mill-basin
http://www.alltrails.com/trail/us/new-york/taylor-pond
http://www.alltrails.com/trail/us/new-york/mt-redfield-and-cliff-mountain
http://www.alltrails.com/trail/us/new-york/out-back-at-chesnut-ridge
http://www.alltrails.com/trail/us/new-york/elk-lake-marcy-trail
http://www.alltrails.com/trail/us/new-york/victor-lehigh-valley-trail
http://www.alltrails.com/trail/us/new-york/forked-lake
http://www.alltrails.com/trail/us/new-york/arshamomaque-pond-preserve-forest-trail
http://www.alltrails.com/trail/us/new-york/kinderhook-creek
http://www.alltrails.com/trail/us/new-york/rochester-hollow-trail
http://www.alltrails.com/trail/us/new-york/orient-beach-state-park
http://www.alltrails.com/trail/us/new-york/rogers-environmental-education-center-trails
http://www.alltrails.com/trail/us/new-york/east-river-trail
http://www.alltrails.com/trail/us/new-york/moose-river-medley
http://www.alltrails.com/trail/us/new-york/sea-cliff-town-walk
http://www.alltrails.com/trail/us/new-york/lost-pond-and-weston-mountain-trail
http://www.alltrails.com/trail/us/new-york/long-lake
http://www.alltrails.com/trail/us/new-york/ontario-pathway-rail-trail-stanley-to-phelps
http://www.alltrails.com/trail/us/new-york/hawkins-pond-nature-area
http://www.alltrails.com/trail/us/new-york/buffalo-river-harlem-rd-to-ohio-st-lauch
http://www.alltrails.com/trail/us/new-york/west-branch-oswegatchie-headwaters-trail
http://www.alltrails.com/trail/us/new-york/black-creek-route-19-to-churchville-dam
http://www.alltrails.com/trail/us/new-york/ganargua-creek-palmyra-to-lyons
http://www.alltrails.com/trail/us/new-york/chaumont-barrens-preserve
http://www.alltrails.com/trail/us/new-york/rollins-pond-campground
http://www.alltrails.com/trail/us/new-york/earth-is-our-mother-trail
http://www.alltrails.com/trail/us/new-york/allegheny-reservoir
http://www.alltrails.com/trail/us/new-york/the-d-and-h-heritage-corridor
http://www.alltrails.com/trail/us/new-york/scotts-bluffs-red-creek-marsh
http://www.alltrails.com/trail/us/new-york/forest-park
http://www.alltrails.com/trail/us/new-york/farm-artifact-trail
http://www.alltrails.com/trail/us/new-york/willowemoc-creek
http://www.alltrails.com/trail/us/new-york/beach-and-boardwalking-the-rockaways-east-and-west
http://www.alltrails.com/trail/us/new-york/the-bemily-calie-disaster
http://www.alltrails.com/trail/us/new-york/trout-brook
http://www.alltrails.com/trail/us/new-york/brighton-town-park-trail
http://www.alltrails.com/trail/us/new-york/isaac-gordon-nature-park-trail
http://www.alltrails.com/trail/us/new-york/prospect-park-loop-park-slope
http://www.alltrails.com/trail/us/new-york/ravine-trail
http://www.alltrails.com/trail/us/new-york/erie-canalway-trail-jordan-to-camillus
http://www.alltrails.com/trail/us/new-york/falling-waters-preserve
http://www.alltrails.com/trail/us/new-york/potomac-trail
http://www.alltrails.com/trail/us/new-york/auburn-fleming-trail
http://www.alltrails.com/trail/us/new-york/bear-spring-mountain-pond-loop-trail
http://www.alltrails.com/trail/us/new-york/james-b-kennedy-state-forest
http://www.alltrails.com/trail/us/new-york/mossy-bank-park-trails
http://www.alltrails.com/trail/us/new-york/main-stem-delaware-river
http://www.alltrails.com/trail/us/new-york/high-mtn-yellow-trail
http://www.alltrails.com/trail/us/new-york/fish-creek-loops
http://www.alltrails.com/trail/us/new-york/northwest-of-lockport-in-niagara-county-cobblestone-house-tour
http://www.alltrails.com/trail/us/new-york/canadarago-lake-otsego-lake-susquehanna-river-and-goodyear-lake
http://www.alltrails.com/trail/us/new-york/stone-dam-trail
http://www.alltrails.com/trail/us/new-york/madison-county-morrow-mountain
http://www.alltrails.com/trail/us/new-york/franklin-gulf-county-park
http://www.alltrails.com/trail/us/new-york/balm-of-gilead-trail-loop
http://www.alltrails.com/trail/us/new-york/carmans-river
http://www.alltrails.com/trail/us/new-york/charlie-major-nature-trail
http://www.alltrails.com/trail/us/new-york/goundry-hill-state-forest
http://www.alltrails.com/trail/us/new-york/neversink-river
http://www.alltrails.com/trail/us/new-york/duck-hole-via-the-preston-ponds-trail
http://www.alltrails.com/trail/us/new-york/cayuga-community-college-trail
http://www.alltrails.com/trail/us/new-york/lewis-county-gomer-hill
http://www.alltrails.com/trail/us/new-york/mountain-pond-barnum-pond-black-and-long-ponds-recreation-area-lake
http://www.alltrails.com/trail/us/new-york/erie-canalway-trail-palmyra-to-pittsford
http://www.alltrails.com/trail/us/new-york/ramshorn-livingston-sanctuary--2
http://www.alltrails.com/trail/us/new-york/oak-orchard-wildlife-management-area
http://www.alltrails.com/trail/us/new-york/greenpoint
http://www.alltrails.com/trail/us/new-york/canadice-lake-canoe-route
http://www.alltrails.com/trail/us/new-york/ninemile-swamp-sangerfield-river
http://www.alltrails.com/trail/us/new-york/tully-lake
http://www.alltrails.com/trail/us/new-york/otisco-lake-overflow
http://www.alltrails.com/trail/us/new-york/peaked-hill
http://www.alltrails.com/trail/us/new-york/long-path--3
http://www.alltrails.com/trail/us/new-york/lake-durant-and-rock-pond
http://www.alltrails.com/trail/us/new-york/a-and-aa-trails
http://www.alltrails.com/trail/us/new-york/quinn-oak-openings
http://www.alltrails.com/trail/us/new-york/bryncliff-resort
http://www.alltrails.com/trail/us/new-york/penfield-town-hall-park-trail
http://www.alltrails.com/trail/us/new-york/bald-hill-calverton
http://www.alltrails.com/trail/us/new-york/maryfrances-bluebird-haven-trails
http://www.alltrails.com/trail/us/new-york/wiccopee-trail
http://www.alltrails.com/trail/us/new-york/dam-pond
http://www.alltrails.com/trail/us/new-york/upperville-falls
http://www.alltrails.com/trail/us/new-york/max-v-shaul-state-park-campground
http://www.alltrails.com/trail/us/new-york/adirondack-traverse-2013-part-1
http://www.alltrails.com/trail/us/new-york/elishas-valley-trail--2
http://www.alltrails.com/trail/us/new-york/south-end-of-lake-george-tour
http://www.alltrails.com/trail/us/new-york/railtrail
http://www.alltrails.com/trail/us/new-york/cayuga-county-trail
http://www.alltrails.com/trail/us/new-york/beehunter-trail
http://www.alltrails.com/trail/us/new-york/surf-and-turf
http://www.alltrails.com/trail/us/new-york/allegany-county-alma-hill
http://www.alltrails.com/trail/us/new-york/east-otto-state-forest
http://www.alltrails.com/trail/us/new-york/california-trail
http://www.alltrails.com/trail/us/new-york/lower-schoharie-creek
http://www.alltrails.com/trail/us/new-york/bushwick
http://www.alltrails.com/trail/us/new-york/wilderness-lakes-tract-trail
http://www.alltrails.com/trail/us/new-york/chemung-river-elmira-to-the-pa-border
http://www.alltrails.com/trail/us/new-york/little-tupper-lake-round-lake-and-rock-pond
http://www.alltrails.com/trail/us/new-york/appalachian-trail-rte55-and-nuclear-lake
http://www.alltrails.com/trail/us/new-york/conesus-inlet
http://www.alltrails.com/trail/us/new-york/moose-river-lower-moose-moose-river-road-to-lyonsdale-road
http://www.alltrails.com/trail/us/new-york/cooper-sundial-to-clark-tower
http://www.alltrails.com/trail/us/new-york/pittsford-mendon-and-victor-in-monroe-and-ontario-counties-cobblest
http://www.alltrails.com/trail/us/new-york/the-mystery-of-pine-pond
http://www.alltrails.com/trail/us/new-york/kanape-jeep-trail
http://www.alltrails.com/trail/us/new-york/adirondack-traverse-2013-day-2
http://www.alltrails.com/trail/us/new-york/warren-county-bike-trail
http://www.alltrails.com/trail/us/new-york/twin-cedars-pond
http://www.alltrails.com/trail/us/new-york/hammond-hill-state-forest-trail
http://www.alltrails.com/trail/us/new-york/macnaughton-the-unlisted-46er
http://www.alltrails.com/trail/us/new-york/fresh-pond-loop-trail
http://www.alltrails.com/trail/us/new-york/rio-reservoir
http://www.alltrails.com/trail/us/new-york/perkins-clearing
http://www.alltrails.com/trail/us/new-york/sears-bellows-county-park
http://www.alltrails.com/trail/us/new-york/north-meadow-trail-loop
http://www.alltrails.com/trail/us/new-york/geneseo-avon-lima-and-rush-in-livingston-and-monroe-counties-cobbl
http://www.alltrails.com/trail/us/new-york/beaver-river-canoe-route
http://www.alltrails.com/trail/us/new-york/boston-forest-county-park
http://www.alltrails.com/trail/us/new-york/rat-pond-and-hoel-pond
http://www.alltrails.com/trail/us/new-york/wall-street-and-financial-district-walking-tour
http://www.alltrails.com/trail/us/new-york/d-and-h-canal-heritage-corridor
http://www.alltrails.com/trail/us/new-york/lake-colden-loop-trail
http://www.alltrails.com/trail/us/new-york/red-cross-beech-trail-and-long-path-loop-from-lake-skannatati
http://www.alltrails.com/trail/us/new-york/east-and-west-branches-of-the-tioughnioga-river-fabius-brook-and-lab
http://www.alltrails.com/trail/us/new-york/hovey-pond-park-glens-falls
http://www.alltrails.com/trail/us/new-york/lions-park
http://www.alltrails.com/trail/us/new-york/broome-county-slawson-mark
http://www.alltrails.com/trail/us/new-york/dwyer-memorial-park
http://www.alltrails.com/trail/us/new-york/eddy-creek-falls
http://www.alltrails.com/trail/us/new-york/snow-mountain-adirondack-high-peaks-area
http://www.alltrails.com/trail/us/new-york/little-tor-trail
http://www.alltrails.com/trail/us/new-york/chittenango-creek-bridgeport-to-maple-bay
http://www.alltrails.com/trail/us/new-york/catatonk-creek-candor-to-owego
http://www.alltrails.com/trail/us/new-york/sacandaga-campground
http://www.alltrails.com/trail/us/new-york/st-lawrence-river-church-cruise
http://www.alltrails.com/trail/us/new-york/the-statue-of-liberty-and-ellis-island
http://www.alltrails.com/trail/us/new-york/south-slope-trail
http://www.alltrails.com/trail/us/new-york/north-tongue-mountain-range-lake-george
http://www.alltrails.com/trail/us/new-york/sweet-oseetah
http://www.alltrails.com/trail/us/new-york/mill-neck-center-island
http://www.alltrails.com/trail/us/new-york/fulton-chain-and-nicks-lake
http://www.alltrails.com/trail/us/new-york/west-branch-sacandaga-river
http://www.alltrails.com/trail/us/new-york/allenburg-bog
http://www.alltrails.com/trail/us/new-york/reeves-beach
http://www.alltrails.com/trail/us/new-york/eaton-reservoir
http://www.alltrails.com/trail/us/new-york/cato-fair-haven-trail-cayuga-county-trail
http://www.alltrails.com/trail/us/new-york/chicken-farm-star-field-vanyahres-east-lake-rd-loop
http://www.alltrails.com/trail/us/new-york/highland-forest-main-trail
http://www.alltrails.com/trail/us/new-york/saranac-river
http://www.alltrails.com/trail/us/new-york/the-wild-one
http://www.alltrails.com/trail/us/new-york/frozen-ocean-state-forest-trails
http://www.alltrails.com/trail/us/new-york/twin-lakes-trail
http://www.alltrails.com/trail/us/new-york/round-pond-peaks
http://www.alltrails.com/trail/us/new-york/black-river-bay
http://www.alltrails.com/trail/us/new-york/bear-trap-creek-bikeway-trail
http://www.alltrails.com/trail/us/new-york/salmon-river-cruise
http://www.alltrails.com/trail/us/new-york/vertigo-at-plattekill
http://www.alltrails.com/trail/us/new-york/north-woods-nature-preserve
http://www.alltrails.com/trail/us/new-york/dater-mountain-loop-trail
http://www.alltrails.com/trail/us/new-york/lake-moraine-madison-reservoir
http://www.alltrails.com/trail/us/new-york/huckleberry-swamp-trails
http://www.alltrails.com/trail/us/new-york/woodlands-legacy-park
http://www.alltrails.com/trail/us/new-york/the-yellow-trail
http://www.alltrails.com/trail/us/new-york/kinney-creek-trail
http://www.alltrails.com/trail/us/new-york/honeoye-inlet
http://www.alltrails.com/trail/us/new-york/cassadaga-lakes
http://www.alltrails.com/trail/us/new-york/howland-island-trail
http://www.alltrails.com/trail/us/new-york/black-river-wild-forest
http://www.alltrails.com/trail/us/new-york/salmon-creek-to-maxwell-bay
http://www.alltrails.com/trail/us/new-york/lakeview-wildlife-management-area
http://www.alltrails.com/trail/us/new-york/chemung-river-corning-to-elmira
http://www.alltrails.com/trail/us/new-york/south-of-batavia-in-genesee-and-wyoming-counties-cobblestone-house-to
http://www.alltrails.com/trail/us/new-york/fire-island-lighthouse-trail
http://www.alltrails.com/trail/us/new-york/st-regis-lakes-and-spitfire-lake
http://www.alltrails.com/trail/us/new-york/bucks-brook-state-forest-loop
http://www.alltrails.com/trail/us/new-york/whittaker-falls-trail
http://www.alltrails.com/trail/us/new-york/park-station-lake-beaver-pond
http://www.alltrails.com/trail/us/new-york/almond-lake
http://www.alltrails.com/trail/us/new-york/stony-brook-campus
http://www.alltrails.com/trail/us/new-york/little-sand-point-campground
http://www.alltrails.com/trail/us/new-york/rattlesnake-hill-linear-bike-trail
http://www.alltrails.com/trail/us/new-york/high-falls-bucks-county
http://www.alltrails.com/trail/us/new-york/otselic-river-and-whitney-point-reservoir
http://www.alltrails.com/trail/us/new-york/erie-canal-oxbow-loop
http://www.alltrails.com/trail/us/new-york/hunts-pond-state-park-campground
http://www.alltrails.com/trail/us/new-york/oneida-river-caughdenoy-dam-to-route-481
http://www.alltrails.com/trail/us/new-york/goetchius-wetland-preserve-trails
http://www.alltrails.com/trail/us/new-york/deer-creek-marsh
http://www.alltrails.com/trail/us/new-york/dryer-road-park-trail
http://www.alltrails.com/trail/us/new-york/montauk-village-loop
http://www.alltrails.com/trail/us/new-york/chemumg
http://www.alltrails.com/trail/us/new-york/chadakoin-river-falconer-to-levant
http://www.alltrails.com/trail/us/new-york/southside-trail
http://www.alltrails.com/trail/us/new-york/dorothy-mcilroy-bird-sanctuary-trails
http://www.alltrails.com/trail/us/new-york/william-a-king-memorial-park
http://www.alltrails.com/trail/us/new-york/monroe-ave
http://www.alltrails.com/trail/us/new-york/southeast-hollow-trail
http://www.alltrails.com/trail/us/new-york/carmans-river-headwaters
http://www.alltrails.com/trail/us/new-york/comfort-trail
http://www.alltrails.com/trail/us/new-york/chenango-river
http://www.alltrails.com/trail/us/new-york/fort-hamilton-to-bensonhurst
http://www.alltrails.com/trail/us/new-york/gray-peak
http://www.alltrails.com/trail/us/new-york/tusten-mountain-trail
http://www.alltrails.com/trail/us/new-york/quick-livonia-trail
http://www.alltrails.com/trail/us/new-york/sprain-ridge-mtb-park
http://www.alltrails.com/trail/us/new-york/oswayo-creek-shinglehouse-pa-to-toll-gate-ny
http://www.alltrails.com/trail/us/new-york/owasco-flats-trail
http://www.alltrails.com/trail/us/new-york/cayuta-lake
http://www.alltrails.com/trail/us/new-york/mattituck-cutchogue
http://www.alltrails.com/trail/us/new-york/chenango-river-earlville-to-norwich
http://www.alltrails.com/trail/us/new-york/arshamomaque-preserve-trails
http://www.alltrails.com/trail/us/new-york/pack-demonstration-forest
http://www.alltrails.com/trail/us/new-york/coffee-lovers-tour
http://www.alltrails.com/trail/us/new-york/gravel-trail-loop
http://www.alltrails.com/trail/us/new-york/seneca-river-around-howland-island
http://www.alltrails.com/trail/us/new-york/gravesend
http://www.alltrails.com/trail/us/new-york/extract-brook-trail
http://www.alltrails.com/trail/us/new-york/chittning-pond-and-unadilla-river
http://www.alltrails.com/trail/us/new-york/malones-creekside-trail
http://www.alltrails.com/trail/us/new-york/mongaup-river-trail
http://www.alltrails.com/trail/us/new-york/napeague-trail
http://www.alltrails.com/trail/us/new-york/kasoag-lake-and-green-pond
http://www.alltrails.com/trail/us/new-york/the-wolfjaws-via-rooster-comb-and-hedgehog-mt
http://www.alltrails.com/trail/us/new-york/flugertown-road
http://www.alltrails.com/trail/us/new-york/brooklyn-botanical-gardnes
http://www.alltrails.com/trail/us/new-york/leland-pond
http://www.alltrails.com/trail/us/new-york/otselic-river-cincinnatus-to-whitney-point
http://www.alltrails.com/trail/us/new-york/cascade-porter-blueberry-trail
http://www.alltrails.com/trail/us/new-york/adirondack-road-trip
http://www.alltrails.com/trail/us/new-york/sherwood-path
http://www.alltrails.com/trail/us/new-york/stimson-trail
http://www.alltrails.com/trail/us/new-york/east-shore-mountain-bike-ride-lake-george
http://www.alltrails.com/trail/us/new-york/sacandaga-river-whitewater-route
http://www.alltrails.com/trail/us/new-york/mount-defiance-and-fort-ticonderoga-trail
http://www.alltrails.com/trail/us/new-york/panther-mountain--2
http://www.alltrails.com/trail/us/new-york/minisink-battleground-park-trails
http://www.alltrails.com/trail/us/new-york/phelps-and-tabletop-mountains-trail
http://www.alltrails.com/trail/us/new-york/riverhead
http://www.alltrails.com/trail/us/new-york/stevens-little-stevens-and-no-8-mountain
http://www.alltrails.com/trail/us/new-york/boreas-ponds
http://www.alltrails.com/trail/us/new-york/locust-grove-estate-the-ln-loop
http://www.alltrails.com/trail/us/new-york/southold-bayview
http://www.alltrails.com/trail/us/new-york/utica-marsh
http://www.alltrails.com/trail/us/new-york/selover
http://www.alltrails.com/trail/us/new-york/canal-trail
http://www.alltrails.com/trail/us/new-york/pawling-nature-preserve-loop
http://www.alltrails.com/trail/us/new-york/tioughnioga-river
http://www.alltrails.com/trail/us/new-york/fish-creek-grangerville-to-victory-mills-canoe-route
http://www.alltrails.com/trail/us/new-york/horton-point-park
http://www.alltrails.com/trail/us/new-york/lincoln-pond
http://www.alltrails.com/trail/us/new-york/new-york-striper-fishing
http://www.alltrails.com/trail/us/new-york/greek-peak-nordic-ski-center
http://www.alltrails.com/trail/us/new-york/mine-kill-state-park-trail--2
http://www.alltrails.com/trail/us/new-york/family-friendly-prospect-park
http://www.alltrails.com/trail/us/new-york/city-cycles-style-a-west-village-nyc
http://www.alltrails.com/trail/us/new-york/coldbrook-preserve
http://www.alltrails.com/trail/us/new-york/dewitt-recreation-area
http://www.alltrails.com/trail/us/new-york/zim-smith-pedestrian-trail
http://www.alltrails.com/trail/us/new-york/national-saint-kateri-shrine-trails
http://www.alltrails.com/trail/us/new-york/split-rock-point-way
http://www.alltrails.com/trail/us/new-york/pat-mcgee-trail
http://www.alltrails.com/trail/us/new-york/blacksnake-mountain-trail--2
http://www.alltrails.com/trail/us/new-york/balsam-mt-from-rider-hollow-rd
http://www.alltrails.com/trail/us/new-york/panther-pond
http://www.alltrails.com/trail/us/new-york/adirondack-branch
http://www.alltrails.com/trail/us/new-york/crescent-trail--3
http://www.alltrails.com/trail/us/new-york/sweetwater
http://www.alltrails.com/trail/us/new-york/seneca-trail--4
http://www.alltrails.com/trail/us/new-york/john-romano-nature-trail
http://www.alltrails.com/trail/us/new-york/dexter-laker
http://www.alltrails.com/trail/us/new-york/wolf-pond-road
http://www.alltrails.com/trail/us/new-york/marcellus-falls-2-falls
